--- Startup times for process: Primary (or UI client) ---

times in msec
 clock   self+sourced   self:  sourced script
 clock   elapsed:              other lines

000.001  000.001: --- NVIM STARTING ---
000.119  000.119: event init
000.187  000.068: early init
000.238  000.051: locale set
000.270  000.032: init first window
000.753  000.483: inits 1
000.763  000.009: window checked
000.767  000.004: parsing arguments
001.153  000.035  000.035: require('vim._core.shared')
001.212  000.003  000.003: require('string.buffer')
001.234  000.038  000.035: require('vim.inspect')
001.274  000.034  000.034: require('vim._core.options')
001.276  000.120  000.048: require('vim._core.editor')
001.301  000.024  000.024: require('vim._core.system')
001.302  000.200  000.022: require('vim._init_packages')
001.304  000.336: init lua interpreter
003.169  001.865: nvim_ui_attach
003.393  000.224: nvim_set_client_info
003.395  000.001: --- NVIM STARTED ---

--- Startup times for process: Embedded ---

times in msec
 clock   self+sourced   self:  sourced script
 clock   elapsed:              other lines

000.001  000.001: --- NVIM STARTING ---
000.087  000.086: event init
000.147  000.061: early init
000.192  000.044: locale set
000.227  000.035: init first window
000.594  000.368: inits 1
000.600  000.006: window checked
000.602  000.002: parsing arguments
000.957  000.032  000.032: require('vim._core.shared')
001.019  000.006  000.006: require('string.buffer')
001.057  000.057  000.051: require('vim.inspect')
001.095  000.031  000.031: require('vim._core.options')
001.096  000.137  000.049: require('vim._core.editor')
001.117  000.020  000.020: require('vim._core.system')
001.118  000.208  000.020: require('vim._init_packages')
001.120  000.310: init lua interpreter
001.163  000.043: expanding arguments
001.175  000.011: inits 2
001.544  000.370: init highlight
001.545  000.001: waiting for UI
001.645  000.100: done waiting for UI
001.654  000.009: clear screen
001.772  000.011  000.011: require('vim.keymap')
002.383  000.161  000.161: sourcing nvim_exec2()
002.408  000.005  000.005: require('vim._core.log')
009.250  007.594  007.417: require('vim._core.defaults')
009.254  000.006: init default mappings & autocommands
010.392  000.055  000.055: sourcing /home/gustavo/.local/share/bob/nightly/share/nvim/runtime/ftplugin.vim
010.440  000.018  000.018: sourcing /home/gustavo/.local/share/bob/nightly/share/nvim/runtime/indent.vim
011.334  000.705  000.705: sourcing /home/gustavo/.config/nvim/colors/tokyo.vim
012.723  001.038  001.038: require('lazy')
012.759  000.011  000.011: require('ffi')
012.799  000.022  000.022: require('vim.fs')
012.880  000.078  000.078: require('vim.uri')
012.891  000.130  000.030: require('vim.loader')
012.971  000.070  000.070: require('lazy.stats')
013.054  000.068  000.068: require('lazy.core.util')
013.119  000.063  000.063: require('lazy.core.config')
013.325  000.149  000.149: require('lazy.core.handler')
013.483  000.052  000.052: require('lazy.pkg')
013.487  000.094  000.042: require('lazy.core.meta')
013.494  000.167  000.072: require('lazy.core.plugin')
013.500  000.379  000.063: require('lazy.core.loader')
014.479  000.068  000.068: require('lazy.core.fragments')
015.485  000.166  000.166: require('forge.yazi')
015.574  000.010  000.010: sourcing nvim_exec2() called at /home/gustavo/.config/nvim/init.lua:0
015.586  000.003  000.003: sourcing nvim_exec2() called at /home/gustavo/.config/nvim/init.lua:0
015.595  000.002  000.002: sourcing nvim_exec2() called at /home/gustavo/.config/nvim/init.lua:0
015.599  000.002  000.002: sourcing nvim_exec2() called at /home/gustavo/.config/nvim/init.lua:0
015.841  000.149  000.149: require('fish.mode_colors')
015.855  000.255  000.106: require('forge.statusline')
017.134  000.092  000.092: require('lazy.core.handler.event')
017.138  000.128  000.036: require('lazy.core.handler.ft')
017.172  000.032  000.032: require('lazy.core.handler.keys')
017.218  000.042  000.042: require('lazy.core.handler.cmd')
017.250  000.004  000.004: sourcing nvim_exec2() called at /home/gustavo/.config/nvim/init.lua:0
017.260  000.001  000.001: sourcing nvim_exec2() called at /home/gustavo/.config/nvim/init.lua:0
017.388  000.003  000.003: sourcing nvim_exec2() called at /home/gustavo/.config/nvim/init.lua:0
017.400  000.001  000.001: sourcing nvim_exec2() called at /home/gustavo/.config/nvim/init.lua:0
018.021  000.094  000.094: sourcing nvim_exec2() called at /home/gustavo/.local/share/bob/nightly/share/nvim/runtime/filetype.lua:0
018.024  000.148  000.054: sourcing /home/gustavo/.local/share/bob/nightly/share/nvim/runtime/filetype.lua
018.026  000.170  000.023: sourcing nvim_exec2() called at /home/gustavo/.config/nvim/init.lua:0
018.483  000.005  000.005: sourcing nvim_exec2() called at ColorSchemePre Autocommands for "*":0
018.491  000.001  000.001: sourcing nvim_exec2() called at ColorSchemePre Autocommands for "*":0
018.919  000.044  000.044: require('tokyonight.config')
018.922  000.392  000.348: require('tokyonight')
019.090  000.048  000.048: require('tokyonight.theme')
019.247  000.060  000.060: require('tokyonight.util')
019.250  000.109  000.049: require('tokyonight.colors')
019.491  000.091  000.091: require('tokyonight.colors.storm')
019.695  000.158  000.158: require('tokyonight.hsluv')
020.044  000.131  000.131: require('tokyonight.groups')
020.536  000.126  000.126: sourcing nvim_exec2() called at /home/gustavo/.local/share/nvim/lazy/tokyonight.nvim/colors/tokyonight.lua:0
021.024  002.027  001.364: sourcing /home/gustavo/.local/share/nvim/lazy/tokyonight.nvim/colors/tokyonight.lua
021.310  000.150  000.150: require('snacks')
021.312  000.174  000.023: sourcing /home/gustavo/.local/share/nvim/lazy/snacks.nvim/plugin/snacks.lua
021.315  000.192  000.018: sourcing nvim_exec2() called at /home/gustavo/.config/nvim/init.lua:0
021.321  000.002  000.002: sourcing nvim_exec2() called at /home/gustavo/.config/nvim/init.lua:0
021.328  000.001  000.001: sourcing nvim_exec2() called at /home/gustavo/.config/nvim/init.lua:0
021.511  000.070  000.070: require('snacks.toggle')
021.650  000.072  000.072: require('snacks.util')
022.394  000.182  000.182: sourcing /home/gustavo/.config/nvim/plugin/args.lua
022.398  000.199  000.017: sourcing nvim_exec2() called at /home/gustavo/.config/nvim/init.lua:0
022.441  000.026  000.026: sourcing /home/gustavo/.config/nvim/plugin/autocmds.lua
022.444  000.042  000.016: sourcing nvim_exec2() called at /home/gustavo/.config/nvim/init.lua:0
022.534  000.074  000.074: sourcing /home/gustavo/.config/nvim/plugin/clipboard.lua
022.537  000.089  000.015: sourcing nvim_exec2() called at /home/gustavo/.config/nvim/init.lua:0
022.560  000.007  000.007: sourcing /home/gustavo/.config/nvim/plugin/emacs.vim
022.562  000.021  000.014: sourcing nvim_exec2() called at /home/gustavo/.config/nvim/init.lua:0
022.627  000.041  000.041: sourcing /home/gustavo/.config/nvim/plugin/keymaps.lua
022.630  000.058  000.017: sourcing nvim_exec2() called at /home/gustavo/.config/nvim/init.lua:0
022.665  000.021  000.021: sourcing /home/gustavo/.config/nvim/plugin/lsp.lua
022.667  000.034  000.013: sourcing nvim_exec2() called at /home/gustavo/.config/nvim/init.lua:0
022.701  000.018  000.018: sourcing /home/gustavo/.config/nvim/plugin/neovide.lua
022.703  000.033  000.015: sourcing nvim_exec2() called at /home/gustavo/.config/nvim/init.lua:0
022.756  000.018  000.018: sourcing /home/gustavo/.config/nvim/plugin/netrw.lua
022.759  000.034  000.016: sourcing nvim_exec2() called at /home/gustavo/.config/nvim/init.lua:0
022.806  000.031  000.031: sourcing /home/gustavo/.config/nvim/plugin/pack.lua
022.808  000.045  000.013: sourcing nvim_exec2() called at /home/gustavo/.config/nvim/init.lua:0
022.848  000.018  000.018: sourcing /home/gustavo/.config/nvim/plugin/spell.lua
022.851  000.032  000.015: sourcing nvim_exec2() called at /home/gustavo/.config/nvim/init.lua:0
022.892  000.028  000.028: sourcing /home/gustavo/.config/nvim/plugin/statuscolumn.lua
022.895  000.041  000.013: sourcing nvim_exec2() called at /home/gustavo/.config/nvim/init.lua:0
022.967  000.057  000.057: sourcing /home/gustavo/.config/nvim/plugin/titlecase.vim
022.970  000.072  000.015: sourcing nvim_exec2() called at /home/gustavo/.config/nvim/init.lua:0
023.009  000.021  000.021: sourcing /home/gustavo/.config/nvim/plugin/ui2.lua
023.011  000.036  000.015: sourcing nvim_exec2() called at /home/gustavo/.config/nvim/init.lua:0
023.200  000.174  000.174: sourcing /home/gustavo/.config/nvim/plugin/window.lua
023.204  000.189  000.016: sourcing nvim_exec2() called at /home/gustavo/.config/nvim/init.lua:0
023.299  000.072  000.072: sourcing /home/gustavo/.config/nvim/plugin/zoxide.lua
023.331  000.121  000.049: sourcing nvim_exec2() called at /home/gustavo/.config/nvim/init.lua:0
023.464  000.031  000.031: sourcing /home/gustavo/.local/share/bob/nightly/share/nvim/runtime/plugin/editorconfig.lua
023.467  000.053  000.022: sourcing nvim_exec2() called at /home/gustavo/.config/nvim/init.lua:0
023.609  000.118  000.118: sourcing /home/gustavo/.local/share/bob/nightly/share/nvim/runtime/plugin/gzip.vim
023.625  000.152  000.033: sourcing nvim_exec2() called at /home/gustavo/.config/nvim/init.lua:0
023.683  000.036  000.036: sourcing /home/gustavo/.local/share/bob/nightly/share/nvim/runtime/plugin/man.lua
023.686  000.056  000.020: sourcing nvim_exec2() called at /home/gustavo/.config/nvim/init.lua:0
023.973  000.116  000.116: sourcing /home/gustavo/.local/share/bob/nightly/share/nvim/runtime/pack/dist/opt/matchit/plugin/matchit.vim
023.988  000.282  000.166: sourcing /home/gustavo/.local/share/bob/nightly/share/nvim/runtime/plugin/matchit.vim
023.991  000.301  000.019: sourcing nvim_exec2() called at /home/gustavo/.config/nvim/init.lua:0
024.097  000.084  000.084: sourcing /home/gustavo/.local/share/bob/nightly/share/nvim/runtime/plugin/matchparen.vim
024.100  000.103  000.018: sourcing nvim_exec2() called at /home/gustavo/.config/nvim/init.lua:0
024.167  000.045  000.045: sourcing /home/gustavo/.local/share/bob/nightly/share/nvim/runtime/plugin/net.lua
024.170  000.066  000.021: sourcing nvim_exec2() called at /home/gustavo/.config/nvim/init.lua:0
024.200  000.008  000.008: sourcing /home/gustavo/.local/share/bob/nightly/share/nvim/runtime/plugin/netrwPlugin.vim
024.203  000.027  000.019: sourcing nvim_exec2() called at /home/gustavo/.config/nvim/init.lua:0
024.254  000.033  000.033: sourcing /home/gustavo/.local/share/bob/nightly/share/nvim/runtime/plugin/osc52.lua
024.257  000.051  000.018: sourcing nvim_exec2() called at /home/gustavo/.config/nvim/init.lua:0
024.376  000.094  000.094: sourcing /home/gustavo/.local/share/bob/nightly/share/nvim/runtime/plugin/rplugin.vim
024.379  000.119  000.024: sourcing nvim_exec2() called at /home/gustavo/.config/nvim/init.lua:0
024.457  000.057  000.057: sourcing /home/gustavo/.local/share/bob/nightly/share/nvim/runtime/plugin/shada.lua
024.460  000.077  000.020: sourcing nvim_exec2() called at /home/gustavo/.config/nvim/init.lua:0
024.536  000.032  000.032: sourcing /home/gustavo/.local/share/bob/nightly/share/nvim/runtime/plugin/spellfile.lua
024.539  000.059  000.027: sourcing nvim_exec2() called at /home/gustavo/.config/nvim/init.lua:0
024.640  000.079  000.079: sourcing /home/gustavo/.local/share/bob/nightly/share/nvim/runtime/plugin/tarPlugin.vim
024.643  000.100  000.020: sourcing nvim_exec2() called at /home/gustavo/.config/nvim/init.lua:0
024.677  000.013  000.013: sourcing /home/gustavo/.local/share/bob/nightly/share/nvim/runtime/plugin/tutor.vim
024.680  000.033  000.020: sourcing nvim_exec2() called at /home/gustavo/.config/nvim/init.lua:0
024.792  000.091  000.091: sourcing /home/gustavo/.local/share/bob/nightly/share/nvim/runtime/plugin/zipPlugin.vim
024.795  000.110  000.019: sourcing nvim_exec2() called at /home/gustavo/.config/nvim/init.lua:0
024.861  013.516  005.758: require('config.lazy')
026.931  001.951  001.951: require('vim.filetype')
026.938  002.074  000.123: require('config.options')
026.939  016.392  000.098: sourcing /home/gustavo/.config/nvim/init.lua
026.945  001.225: sourcing vimrc file(s)
027.049  000.065  000.065: sourcing /home/gustavo/.local/share/bob/nightly/share/nvim/runtime/filetype.lua
027.187  000.050  000.050: sourcing /home/gustavo/.local/share/bob/nightly/share/nvim/runtime/syntax/synload.vim
027.248  000.152  000.102: sourcing /home/gustavo/.local/share/bob/nightly/share/nvim/runtime/syntax/syntax.vim
027.257  000.095: inits 3
029.904  002.647: reading ShaDa
030.096  000.192: opening buffers
030.131  000.034: BufEnter autocommands
030.134  000.004: editing files in windows
030.240  000.106: VimEnter autocommands
030.641  000.332  000.332: require('snacks.dashboard')
031.049  000.476: UIEnter autocommands
031.051  000.002: before starting main loop
031.555  000.504: first screen update
031.557  000.002: --- NVIM STARTED ---

