--- Startup times for process: Primary (or UI client) ---

times in msec
 clock   self+sourced   self:  sourced script
 clock   elapsed:              other lines

000.001  000.001: --- NVIM STARTING ---
000.158  000.157: event init
000.223  000.065: early init
000.278  000.055: locale set
000.309  000.031: init first window
000.643  000.334: inits 1
000.649  000.006: window checked
000.651  000.002: parsing arguments
001.095  000.044  000.044: require('vim._core.shared')
001.167  000.003  000.003: require('string.buffer')
001.193  000.045  000.042: require('vim.inspect')
001.242  000.041  000.041: require('vim._core.options')
001.244  000.146  000.059: require('vim._core.editor')
001.282  000.037  000.037: require('vim._core.system')
001.283  000.251  000.024: require('vim._init_packages')
001.285  000.383: init lua interpreter
003.022  001.736: nvim_ui_attach
003.221  000.199: nvim_set_client_info
003.222  000.002: --- NVIM STARTED ---

--- Startup times for process: Embedded ---

times in msec
 clock   self+sourced   self:  sourced script
 clock   elapsed:              other lines

000.001  000.001: --- NVIM STARTING ---
000.080  000.079: event init
000.133  000.053: early init
000.175  000.043: locale set
000.197  000.021: init first window
000.449  000.252: inits 1
000.456  000.007: window checked
000.459  000.003: parsing arguments
000.850  000.035  000.035: require('vim._core.shared')
000.912  000.002  000.002: require('string.buffer')
000.934  000.038  000.036: require('vim.inspect')
000.974  000.034  000.034: require('vim._core.options')
000.977  000.125  000.052: require('vim._core.editor')
001.006  000.029  000.029: require('vim._core.system')
001.007  000.206  000.019: require('vim._init_packages')
001.009  000.344: init lua interpreter
001.067  000.058: expanding arguments
001.078  000.011: inits 2
001.278  000.200: init highlight
001.279  000.001: waiting for UI
001.348  000.069: done waiting for UI
001.358  000.009: clear screen
001.520  000.036  000.036: require('vim.keymap')
002.185  000.088  000.088: sourcing nvim_exec2()
002.202  000.003  000.003: require('vim._core.log')
002.277  000.004  000.004: require('vim.F')
003.062  001.703  001.571: require('vim._core.defaults')
003.064  000.004: init default mappings & autocommands
004.142  000.042  000.042: sourcing /home/gustavo/.local/share/bob/nightly/share/nvim/runtime/ftplugin.vim
004.200  000.021  000.021: sourcing /home/gustavo/.local/share/bob/nightly/share/nvim/runtime/indent.vim
004.371  000.006  000.006: sourcing nvim_exec2() called at /home/gustavo/.config/nvim/init.lua:0
004.938  000.520  000.520: sourcing /home/gustavo/.config/nvim/colors/tokyo.vim
004.961  000.012  000.012: sourcing nvim_exec2() called at /home/gustavo/.config/nvim/init.lua:0
004.967  000.003  000.003: sourcing nvim_exec2() called at /home/gustavo/.config/nvim/init.lua:0
006.365  001.151  001.151: require('lazy')
006.412  000.017  000.017: require('ffi')
006.463  000.025  000.025: require('vim.fs')
006.609  000.108  000.108: require('vim.uri')
006.634  000.219  000.086: require('vim.loader')
006.836  000.187  000.187: require('lazy.stats')
006.965  000.114  000.114: require('lazy.core.util')
007.055  000.086  000.086: require('lazy.core.config')
007.202  000.058  000.058: require('lazy.core.handler')
007.489  000.076  000.076: require('lazy.pkg')
007.494  000.177  000.101: require('lazy.core.meta')
007.518  000.312  000.135: require('lazy.core.plugin')
007.528  000.469  000.100: require('lazy.core.loader')
009.113  000.122  000.122: require('lazy.core.fragments')
014.321  000.103  000.103: require('lazy.core.handler.cmd')
014.446  000.113  000.113: require('lazy.core.handler.event')
014.508  000.052  000.052: require('lazy.core.handler.ft')
014.608  000.091  000.091: require('lazy.core.handler.keys')
014.986  000.009  000.009: sourcing nvim_exec2() called at /home/gustavo/.config/nvim/init.lua:0
015.008  000.002  000.002: sourcing nvim_exec2() called at /home/gustavo/.config/nvim/init.lua:0
016.912  000.012  000.012: sourcing nvim_exec2() called at /home/gustavo/.config/nvim/init.lua:0
016.943  000.002  000.002: sourcing nvim_exec2() called at /home/gustavo/.config/nvim/init.lua:0
017.585  000.216  000.216: sourcing nvim_exec2() called at /home/gustavo/.local/share/bob/nightly/share/nvim/runtime/filetype.lua:0
017.591  000.327  000.110: sourcing /home/gustavo/.local/share/bob/nightly/share/nvim/runtime/filetype.lua
017.594  000.373  000.046: sourcing nvim_exec2() called at /home/gustavo/.config/nvim/init.lua:0
018.235  000.007  000.007: sourcing nvim_exec2() called at ColorSchemePre Autocommands for "*":0
018.245  000.001  000.001: sourcing nvim_exec2() called at ColorSchemePre Autocommands for "*":0
019.064  000.049  000.049: require('tokyonight.config')
019.071  000.668  000.619: require('tokyonight')
019.734  000.058  000.058: require('tokyonight.theme')
019.988  000.060  000.060: require('tokyonight.util')
019.994  000.125  000.065: require('tokyonight.colors')
020.239  000.082  000.082: require('tokyonight.colors.storm')
020.443  000.083  000.083: require('tokyonight.hsluv')
020.802  000.100  000.100: require('tokyonight.groups')
021.435  000.160  000.160: sourcing nvim_exec2() called at /home/gustavo/.local/share/nvim/lazy/tokyonight.nvim/colors/tokyonight.lua:0
022.085  002.599  001.991: sourcing /home/gustavo/.local/share/nvim/lazy/tokyonight.nvim/colors/tokyonight.lua
022.667  000.332  000.332: require('canola')
022.713  000.040  000.040: require('canola.ringbuf')
022.789  000.072  000.072: require('canola.config')
023.294  000.069  000.069: require('canola.highlights')
023.905  000.150  000.150: require('canola.constants')
024.194  000.278  000.278: require('canola.util')
024.202  000.554  000.125: require('canola.cache')
024.332  000.051  000.051: require('canola.icons')
024.518  000.004  000.004: sourcing nvim_exec2() called at /home/gustavo/.local/share/nvim/lazy/canola.nvim/plugin/canola.lua:0
024.528  000.001  000.001: sourcing nvim_exec2() called at /home/gustavo/.local/share/nvim/lazy/canola.nvim/plugin/canola.lua:0
025.024  000.483  000.483: require('mini.statusline')
025.317  000.202  000.202: require('mini.tabline')
025.384  000.010  000.010: sourcing nvim_exec2() called at /home/gustavo/.local/share/nvim/lazy/canola.nvim/plugin/canola.lua:0
027.034  001.646  001.646: require('mini.icons')
027.347  000.162  000.162: require('mini.git')
027.657  000.189  000.189: require('mini.diff')
028.327  000.200  000.200: require('mini.ai')
028.857  000.294  000.294: require('mini.surround')
035.541  000.194  000.194: require('mini.move')
035.801  000.154  000.154: require('mini.hipatterns')
036.444  000.586  000.586: require('mini.align')
036.511  012.174  008.050: require('mini.icons')
036.530  012.325  000.100: require('canola.columns')
036.642  000.090  000.090: require('canola.cursor')
036.708  000.061  000.061: require('canola.entry_format')
036.801  000.031  000.031: require('canola.log')
036.811  000.099  000.068: require('canola.fs')
036.845  000.032  000.032: require('canola.insert')
036.931  000.054  000.054: require('canola.actions')
036.934  000.086  000.031: require('canola.keymap_util')
036.966  000.030  000.030: require('canola.loading')
036.976  013.477  000.202: require('canola.view')
038.414  001.412  001.412: require('vim.filetype')
038.992  016.694  001.292: sourcing /home/gustavo/.local/share/nvim/lazy/canola.nvim/plugin/canola.lua
039.002  016.726  000.032: sourcing nvim_exec2() called at /home/gustavo/.config/nvim/init.lua:0
039.015  000.005  000.005: sourcing nvim_exec2() called at /home/gustavo/.config/nvim/init.lua:0
039.029  000.001  000.001: sourcing nvim_exec2() called at /home/gustavo/.config/nvim/init.lua:0
039.174  000.052  000.052: sourcing /home/gustavo/.config/nvim/plugin/neovide.lua
039.178  000.077  000.026: sourcing nvim_exec2() called at /home/gustavo/.config/nvim/init.lua:0
039.205  000.011  000.011: sourcing /home/gustavo/.config/nvim/plugin/netrw.vim
039.208  000.025  000.014: sourcing nvim_exec2() called at /home/gustavo/.config/nvim/init.lua:0
039.243  000.022  000.022: sourcing /home/gustavo/.config/nvim/plugin/popup.vim
039.245  000.034  000.013: sourcing nvim_exec2() called at /home/gustavo/.config/nvim/init.lua:0
039.327  000.067  000.067: sourcing /home/gustavo/.config/nvim/plugin/titlecase.vim
039.330  000.081  000.014: sourcing nvim_exec2() called at /home/gustavo/.config/nvim/init.lua:0
039.368  000.023  000.023: sourcing /home/gustavo/.config/nvim/plugin/undotree.lua
039.371  000.037  000.014: sourcing nvim_exec2() called at /home/gustavo/.config/nvim/init.lua:0
039.472  000.032  000.032: sourcing /home/gustavo/.local/share/bob/nightly/share/nvim/runtime/plugin/editorconfig.lua
039.475  000.050  000.019: sourcing nvim_exec2() called at /home/gustavo/.config/nvim/init.lua:0
039.526  000.032  000.032: sourcing /home/gustavo/.local/share/bob/nightly/share/nvim/runtime/plugin/man.lua
039.530  000.051  000.018: sourcing nvim_exec2() called at /home/gustavo/.config/nvim/init.lua:0
039.874  000.117  000.117: sourcing /home/gustavo/.local/share/bob/nightly/share/nvim/runtime/pack/dist/opt/matchit/plugin/matchit.vim
039.912  000.364  000.247: sourcing /home/gustavo/.local/share/bob/nightly/share/nvim/runtime/plugin/matchit.vim
039.915  000.382  000.018: sourcing nvim_exec2() called at /home/gustavo/.config/nvim/init.lua:0
040.022  000.086  000.086: sourcing /home/gustavo/.local/share/bob/nightly/share/nvim/runtime/plugin/matchparen.vim
040.025  000.105  000.018: sourcing nvim_exec2() called at /home/gustavo/.config/nvim/init.lua:0
040.089  000.044  000.044: sourcing /home/gustavo/.local/share/bob/nightly/share/nvim/runtime/plugin/net.lua
040.092  000.063  000.019: sourcing nvim_exec2() called at /home/gustavo/.config/nvim/init.lua:0
040.119  000.008  000.008: sourcing /home/gustavo/.local/share/bob/nightly/share/nvim/runtime/plugin/netrwPlugin.vim
040.122  000.026  000.018: sourcing nvim_exec2() called at /home/gustavo/.config/nvim/init.lua:0
040.169  000.030  000.030: sourcing /home/gustavo/.local/share/bob/nightly/share/nvim/runtime/plugin/osc52.lua
040.172  000.047  000.016: sourcing nvim_exec2() called at /home/gustavo/.config/nvim/init.lua:0
040.281  000.091  000.091: sourcing /home/gustavo/.local/share/bob/nightly/share/nvim/runtime/plugin/rplugin.vim
040.284  000.108  000.017: sourcing nvim_exec2() called at /home/gustavo/.config/nvim/init.lua:0
040.375  000.056  000.056: sourcing /home/gustavo/.local/share/bob/nightly/share/nvim/runtime/plugin/shada.lua
040.379  000.076  000.019: sourcing nvim_exec2() called at /home/gustavo/.config/nvim/init.lua:0
040.444  000.031  000.031: sourcing /home/gustavo/.local/share/bob/nightly/share/nvim/runtime/plugin/spellfile.lua
040.447  000.064  000.033: sourcing nvim_exec2() called at /home/gustavo/.config/nvim/init.lua:0
040.572  035.603  011.248: require('config.lazy')
040.644  000.068  000.068: require('intern')
040.822  000.173  000.173: require('config.options')
040.940  000.114  000.114: require('config.autocmds')
041.004  000.059  000.059: require('config.commands')
041.160  000.009  000.009: sourcing nvim_exec2() called at /home/gustavo/.config/nvim/init.lua:0
041.171  000.006  000.006: sourcing nvim_exec2() called at /home/gustavo/.config/nvim/init.lua:0
041.373  000.030  000.030: sourcing nvim_exec2() called at /home/gustavo/.config/nvim/init.lua:0
041.798  000.790  000.744: require('config.keymaps')
041.880  000.077  000.077: require('config.lsp')
041.885  037.551  000.126: sourcing /home/gustavo/.config/nvim/init.lua
041.890  001.212: sourcing vimrc file(s)
041.994  000.029  000.029: sourcing /home/gustavo/.local/share/bob/nightly/share/nvim/runtime/filetype.lua
042.158  000.050  000.050: sourcing /home/gustavo/.local/share/bob/nightly/share/nvim/runtime/syntax/synload.vim
042.218  000.160  000.110: sourcing /home/gustavo/.local/share/bob/nightly/share/nvim/runtime/syntax/syntax.vim
042.227  000.147: inits 3
045.573  003.346: reading ShaDa
046.286  000.713: opening buffers
046.523  000.143  000.143: require('canola.win_util')
046.535  000.106: BufEnter autocommands
046.540  000.005: editing files in windows
046.694  000.154: VimEnter autocommands
046.760  000.066: UIEnter autocommands
046.762  000.002: before starting main loop
046.958  000.060  000.060: require('fish.statuscolumn')
047.262  000.168  000.168: require('fish.mode_colors')
047.271  000.248  000.080: require('fish.statusline')
047.406  000.336: first screen update
047.408  000.002: --- NVIM STARTED ---

