--- Startup times for process: Primary (or UI client) ---

times in msec
 clock   self+sourced   self:  sourced script
 clock   elapsed:              other lines

000.001  000.001: --- NVIM STARTING ---
000.109  000.109: event init
000.168  000.059: early init
000.216  000.048: locale set
000.244  000.028: init first window
000.598  000.353: inits 1
000.605  000.008: window checked
000.607  000.002: parsing arguments
000.987  000.039  000.039: require('vim._core.shared')
001.053  000.003  000.003: require('string.buffer')
001.078  000.043  000.040: require('vim.inspect')
001.155  000.070  000.070: require('vim._core.options')
001.156  000.166  000.053: require('vim._core.editor')
001.186  000.029  000.029: require('vim._core.system')
001.187  000.255  000.021: require('vim._init_packages')
001.189  000.326: init lua interpreter
003.160  001.971: nvim_ui_attach
003.383  000.223: nvim_set_client_info
003.384  000.002: --- NVIM STARTED ---

--- Startup times for process: Embedded ---

times in msec
 clock   self+sourced   self:  sourced script
 clock   elapsed:              other lines

000.001  000.001: --- NVIM STARTING ---
000.112  000.111: event init
000.189  000.077: early init
000.236  000.048: locale set
000.263  000.026: init first window
000.546  000.283: inits 1
000.554  000.008: window checked
000.555  000.002: parsing arguments
000.977  000.042  000.042: require('vim._core.shared')
001.046  000.003  000.003: require('string.buffer')
001.071  000.043  000.040: require('vim.inspect')
001.144  000.057  000.057: require('vim._core.options')
001.146  000.166  000.066: require('vim._core.editor')
001.178  000.031  000.031: require('vim._core.system')
001.179  000.261  000.021: require('vim._init_packages')
001.181  000.365: init lua interpreter
001.223  000.042: expanding arguments
001.234  000.011: inits 2
001.505  000.271: init highlight
001.506  000.001: waiting for UI
001.577  000.071: done waiting for UI
001.584  000.007: clear screen
001.741  000.037  000.037: require('vim.keymap')
002.439  000.088  000.088: sourcing nvim_exec2()
002.456  000.003  000.003: require('vim._core.log')
002.515  000.004  000.004: require('vim.F')
002.937  001.351  001.219: require('vim._core.defaults')
002.939  000.003: init default mappings & autocommands
003.828  000.034  000.034: sourcing /home/gustavo/.local/share/bob/nightly/share/nvim/runtime/ftplugin.vim
003.875  000.017  000.017: sourcing /home/gustavo/.local/share/bob/nightly/share/nvim/runtime/indent.vim
004.018  000.005  000.005: sourcing nvim_exec2() called at /home/gustavo/.config/nvim/init.lua:0
004.495  000.422  000.422: sourcing /home/gustavo/.config/nvim/colors/tokyo.vim
004.511  000.009  000.009: sourcing nvim_exec2() called at /home/gustavo/.config/nvim/init.lua:0
004.515  000.002  000.002: sourcing nvim_exec2() called at /home/gustavo/.config/nvim/init.lua:0
005.586  000.084  000.084: require('vim._async')
005.597  000.975  000.891: require('vim.pack')
005.634  000.028  000.028: require('vim.fs')
009.387  000.158  000.158: require('tokyonight.config')
009.390  001.061  000.903: require('tokyonight')
010.210  000.296  000.296: require('tokyonight.theme')
010.969  000.361  000.361: require('tokyonight.util')
010.973  000.670  000.309: require('tokyonight.colors')
011.702  000.258  000.258: require('tokyonight.colors.storm')
012.392  000.593  000.593: require('tokyonight.hsluv')
013.298  000.675  000.675: require('tokyonight.groups')
017.071  000.378  000.378: require('tokyonight.groups.kinds')
028.211  000.312  000.312: sourcing nvim_exec2() called at /home/gustavo/.local/share/nvim/site/pack/core/opt/tokyonight.nvim/colors/tokyonight.lua:0
030.218  020.608  017.426: sourcing /home/gustavo/.local/share/nvim/site/pack/core/opt/tokyonight.nvim/colors/tokyonight.lua
034.131  000.094  000.094: require('vim.func')
034.272  000.068  000.068: require('vim.func._memoize')
034.324  001.982  001.821: require('fzf-lua.utils')
035.545  000.549  000.549: require('fzf-lua.lib.base64')
036.525  000.977  000.977: require('fzf-lua.lib.serpent')
036.548  002.222  000.696: require('fzf-lua.libuv')
036.585  005.110  000.906: require('fzf-lua.path')
038.665  001.171  001.171: require('fzf-lua.actions')
039.539  000.247  000.247: require('fzf-lua.class')
039.556  000.889  000.642: require('fzf-lua.devicons')
042.063  000.632  000.632: require('fzf-lua.previewer')
043.062  003.503  002.871: require('fzf-lua.defaults')
043.075  006.488  000.925: require('fzf-lua.config')
043.530  000.140  000.140: sourcing /home/gustavo/.local/share/nvim/site/pack/core/opt/fzf-lua/autoload/fzf_lua.vim
043.535  000.175  000.034: sourcing nvim_exec2() called at /home/gustavo/.config/nvim/init.lua:0
045.345  001.421  001.421: require('fzf-lua.win')
046.871  000.395  000.395: require('fzf-lua.fzf')
047.504  000.627  000.627: require('fzf-lua.shell')
047.521  002.171  001.149: require('fzf-lua.core')
048.362  000.828  000.828: require('fzf-lua.make_entry')
048.368  018.122  001.930: require('fzf-lua')
050.794  000.322  000.322: require('fzf-lua.ctx')
051.599  000.800  000.800: require('fzf-lua.providers.ui_select')
051.902  000.298  000.298: require('vim.ui')
052.047  047.530  005.317: require('config.pack')
052.150  000.099  000.099: require('intern')
054.477  002.122  002.122: require('vim.filetype')
054.577  002.424  000.303: require('config.options')
054.716  000.137  000.137: require('config.autocmds')
054.748  000.030  000.030: require('config.commands')
055.047  000.011  000.011: sourcing nvim_exec2() called at /home/gustavo/.config/nvim/init.lua:0
055.054  000.004  000.004: sourcing nvim_exec2() called at /home/gustavo/.config/nvim/init.lua:0
055.556  000.059  000.059: sourcing nvim_exec2() called at /home/gustavo/.config/nvim/init.lua:0
055.836  001.087  001.013: require('config.keymaps')
055.928  000.089  000.089: require('config.lsp')
055.930  051.944  000.109: sourcing /home/gustavo/.config/nvim/init.lua
055.937  001.003: sourcing vimrc file(s)
056.252  000.128  000.128: sourcing nvim_exec2() called at /home/gustavo/.local/share/bob/nightly/share/nvim/runtime/filetype.lua:0
056.255  000.224  000.096: sourcing /home/gustavo/.local/share/bob/nightly/share/nvim/runtime/filetype.lua
056.544  000.058  000.058: sourcing /home/gustavo/.local/share/bob/nightly/share/nvim/runtime/syntax/synload.vim
056.612  000.320  000.262: sourcing /home/gustavo/.local/share/bob/nightly/share/nvim/runtime/syntax/syntax.vim
057.045  000.008  000.008: sourcing /home/gustavo/.config/nvim/plugin/netrw.vim
057.104  000.049  000.049: sourcing /home/gustavo/.config/nvim/plugin/popup.vim
057.230  000.089  000.089: sourcing /home/gustavo/.config/nvim/plugin/titlecase.vim
057.329  000.041  000.041: sourcing /home/gustavo/.config/nvim/plugin/neovide.lua
057.356  000.012  000.012: sourcing /home/gustavo/.config/nvim/plugin/undotree.lua
058.916  001.112  001.112: require('canola')
059.102  000.182  000.182: require('canola.ringbuf')
059.442  000.336  000.336: require('canola.config')
060.322  000.508  000.508: require('canola.highlights')
062.232  000.206  000.206: require('canola.constants')
062.959  000.721  000.721: require('canola.util')
062.969  001.250  000.323: require('canola.cache')
063.707  000.255  000.255: require('canola.icons')
064.055  001.083  000.828: require('canola.columns')
064.234  000.176  000.176: require('canola.cursor')
064.604  000.367  000.367: require('canola.entry_format')
065.312  000.328  000.328: require('canola.log')
065.324  000.717  000.389: require('canola.fs')
065.602  000.277  000.277: require('canola.insert')
066.448  000.615  000.615: require('canola.actions')
066.454  000.849  000.234: require('canola.keymap_util')
066.777  000.321  000.321: require('canola.loading')
066.795  006.133  001.094: require('canola.view')
067.508  009.831  001.561: sourcing /home/gustavo/.local/share/nvim/site/pack/core/opt/canola.nvim/plugin/canola.lua
068.054  000.227  000.227: sourcing /home/gustavo/.local/share/nvim/site/pack/core/opt/fzf-lua/plugin/fzf-lua.lua
068.873  000.419  000.419: sourcing /etc/profiles/per-user/gustavo/share/nvim/site/plugin/fzf.vim
069.718  000.548  000.548: sourcing /home/gustavo/.local/share/bob/nightly/share/nvim/runtime/plugin/gzip.vim
070.557  000.130  000.130: sourcing /home/gustavo/.local/share/bob/nightly/share/nvim/runtime/pack/dist/opt/matchit/plugin/matchit.vim
070.656  000.889  000.760: sourcing /home/gustavo/.local/share/bob/nightly/share/nvim/runtime/plugin/matchit.vim
070.761  000.088  000.088: sourcing /home/gustavo/.local/share/bob/nightly/share/nvim/runtime/plugin/matchparen.vim
070.803  000.023  000.023: sourcing /home/gustavo/.local/share/bob/nightly/share/nvim/runtime/plugin/netrwPlugin.vim
070.909  000.090  000.090: sourcing /home/gustavo/.local/share/bob/nightly/share/nvim/runtime/plugin/rplugin.vim
071.332  000.406  000.406: sourcing /home/gustavo/.local/share/bob/nightly/share/nvim/runtime/plugin/tarPlugin.vim
071.570  000.216  000.216: sourcing /home/gustavo/.local/share/bob/nightly/share/nvim/runtime/plugin/tutor.vim
072.204  000.582  000.582: sourcing /home/gustavo/.local/share/bob/nightly/share/nvim/runtime/plugin/zipPlugin.vim
072.395  000.090  000.090: sourcing /home/gustavo/.local/share/bob/nightly/share/nvim/runtime/plugin/editorconfig.lua
072.487  000.065  000.065: sourcing /home/gustavo/.local/share/bob/nightly/share/nvim/runtime/plugin/man.lua
072.648  000.135  000.135: sourcing /home/gustavo/.local/share/bob/nightly/share/nvim/runtime/plugin/net.lua
072.768  000.093  000.093: sourcing /home/gustavo/.local/share/bob/nightly/share/nvim/runtime/plugin/osc52.lua
072.916  000.122  000.122: sourcing /home/gustavo/.local/share/bob/nightly/share/nvim/runtime/plugin/shada.lua
072.989  000.036  000.036: sourcing /home/gustavo/.local/share/bob/nightly/share/nvim/runtime/plugin/spellfile.lua
073.018  002.476: loading rtp plugins
073.563  000.544: loading packages
073.573  000.010: loading after plugins
073.585  000.012: inits 3
077.261  003.676: reading ShaDa
077.492  000.231: opening buffers
078.010  000.485  000.485: require('canola.win_util')
078.024  000.047: BufEnter autocommands
078.027  000.003: editing files in windows
078.082  000.055: VimEnter autocommands
078.213  000.131: UIEnter autocommands
078.216  000.003: before starting main loop
078.521  000.145  000.145: require('fish.statuscolumn')
078.920  000.191  000.191: require('fish.mode_colors')
078.925  000.326  000.135: require('fish.statusline')
079.016  000.329: first screen update
079.018  000.002: --- NVIM STARTED ---

--- Startup times for process: Primary (or UI client) ---

times in msec
 clock   self+sourced   self:  sourced script
 clock   elapsed:              other lines

000.001  000.001: --- NVIM STARTING ---
000.109  000.108: event init
000.175  000.066: early init
000.232  000.057: locale set
000.260  000.028: init first window
000.674  000.414: inits 1
000.681  000.007: window checked
000.738  000.057: parsing arguments
001.187  000.057  000.057: require('vim._core.shared')
001.263  000.006  000.006: require('string.buffer')
001.288  000.048  000.043: require('vim.inspect')
001.335  000.040  000.040: require('vim._core.options')
001.337  000.147  000.058: require('vim._core.editor')
001.370  000.032  000.032: require('vim._core.system')
001.371  000.260  000.024: require('vim._init_packages')
001.374  000.376: init lua interpreter
003.137  001.763: nvim_ui_attach
003.397  000.260: nvim_set_client_info
003.398  000.002: --- NVIM STARTED ---

--- Startup times for process: Embedded ---

times in msec
 clock   self+sourced   self:  sourced script
 clock   elapsed:              other lines

000.001  000.001: --- NVIM STARTING ---
000.104  000.103: event init
000.171  000.067: early init
000.224  000.053: locale set
000.253  000.029: init first window
000.585  000.331: inits 1
000.594  000.009: window checked
000.644  000.050: parsing arguments
001.078  000.039  000.039: require('vim._core.shared')
001.149  000.003  000.003: require('string.buffer')
001.172  000.043  000.040: require('vim.inspect')
001.218  000.039  000.039: require('vim._core.options')
001.220  000.140  000.058: require('vim._core.editor')
001.252  000.030  000.030: require('vim._core.system')
001.253  000.232  000.022: require('vim._init_packages')
001.255  000.379: init lua interpreter
001.308  000.053: expanding arguments
001.321  000.013: inits 2
001.557  000.236: init highlight
001.558  000.001: waiting for UI
001.625  000.067: done waiting for UI
001.632  000.008: clear screen
001.807  000.040  000.040: require('vim.keymap')
002.607  000.093  000.093: sourcing nvim_exec2()
002.627  000.003  000.003: require('vim._core.log')
002.741  000.005  000.005: require('vim.F')
002.996  001.362  001.221: require('vim._core.defaults')
002.998  000.004: init default mappings & autocommands
004.132  000.050  000.050: sourcing /home/gustavo/.local/share/bob/nightly/share/nvim/runtime/ftplugin.vim
004.195  000.022  000.022: sourcing /home/gustavo/.local/share/bob/nightly/share/nvim/runtime/indent.vim
004.406  000.006  000.006: sourcing nvim_exec2() called at /home/gustavo/.config/nvim/init.lua:0
004.907  000.447  000.447: sourcing /home/gustavo/.config/nvim/colors/tokyo.vim
004.929  000.013  000.013: sourcing nvim_exec2() called at /home/gustavo/.config/nvim/init.lua:0
004.934  000.003  000.003: sourcing nvim_exec2() called at /home/gustavo/.config/nvim/init.lua:0
005.996  000.075  000.075: require('vim._async')
006.006  000.922  000.847: require('vim.pack')
006.043  000.026  000.026: require('vim.fs')
007.841  000.046  000.046: require('tokyonight.config')
007.844  000.094  000.047: require('tokyonight')
008.212  000.054  000.054: require('tokyonight.theme')
008.531  000.137  000.137: require('tokyonight.util')
008.534  000.217  000.080: require('tokyonight.colors')
008.634  000.034  000.034: require('tokyonight.colors.storm')
009.101  000.368  000.368: require('tokyonight.hsluv')
009.855  000.278  000.278: require('tokyonight.groups')
011.589  000.133  000.133: sourcing nvim_exec2() called at /home/gustavo/.local/share/nvim/site/pack/core/opt/tokyonight.nvim/colors/tokyonight.lua:0
012.699  004.586  003.502: sourcing /home/gustavo/.local/share/nvim/site/pack/core/opt/tokyonight.nvim/colors/tokyonight.lua
012.768  007.831  002.203: require('config.pack')
012.846  000.076  000.076: require('intern')
014.512  001.489  001.489: require('vim.filetype')
014.715  001.865  000.375: require('config.options')
015.016  000.298  000.298: require('config.autocmds')
015.075  000.056  000.056: require('config.commands')
015.633  000.013  000.013: sourcing nvim_exec2() called at /home/gustavo/.config/nvim/init.lua:0
015.644  000.004  000.004: sourcing nvim_exec2() called at /home/gustavo/.config/nvim/init.lua:0
015.924  000.028  000.028: sourcing nvim_exec2() called at /home/gustavo/.config/nvim/init.lua:0
016.583  001.505  001.460: require('config.keymaps')
016.816  000.229  000.229: require('config.lsp')
016.819  012.454  000.125: sourcing /home/gustavo/.config/nvim/init.lua
016.842  001.318: sourcing vimrc file(s)
017.063  000.054  000.054: sourcing nvim_exec2() called at /home/gustavo/.local/share/bob/nightly/share/nvim/runtime/filetype.lua:0
017.067  000.155  000.101: sourcing /home/gustavo/.local/share/bob/nightly/share/nvim/runtime/filetype.lua
017.209  000.055  000.055: sourcing /home/gustavo/.local/share/bob/nightly/share/nvim/runtime/syntax/synload.vim
017.320  000.219  000.163: sourcing /home/gustavo/.local/share/bob/nightly/share/nvim/runtime/syntax/syntax.vim
017.960  000.010  000.010: sourcing /home/gustavo/.config/nvim/plugin/netrw.vim
018.000  000.027  000.027: sourcing /home/gustavo/.config/nvim/plugin/popup.vim
018.093  000.079  000.079: sourcing /home/gustavo/.config/nvim/plugin/titlecase.vim
018.181  000.074  000.074: sourcing /home/gustavo/.config/nvim/plugin/neovide.lua
018.217  000.018  000.018: sourcing /home/gustavo/.config/nvim/plugin/undotree.lua
019.219  000.781  000.781: require('canola')
019.260  000.038  000.038: require('canola.ringbuf')
019.441  000.179  000.179: require('canola.config')
019.860  000.098  000.098: require('canola.highlights')
020.930  000.034  000.034: require('canola.constants')
021.544  000.608  000.608: require('canola.util')
021.554  000.851  000.209: require('canola.cache')
021.819  000.090  000.090: require('canola.icons')
022.030  000.474  000.384: require('canola.columns')
022.114  000.082  000.082: require('canola.cursor')
022.251  000.135  000.135: require('canola.entry_format')
022.569  000.087  000.087: require('canola.log')
022.580  000.327  000.240: require('canola.fs')
022.672  000.090  000.090: require('canola.insert')
022.981  000.256  000.256: require('canola.actions')
022.985  000.311  000.055: require('canola.keymap_util')
023.087  000.100  000.100: require('canola.loading')
023.107  003.103  000.734: require('canola.view')
024.042  005.622  001.422: sourcing /home/gustavo/.local/share/nvim/site/pack/core/opt/canola.nvim/plugin/canola.lua
024.187  000.051  000.051: sourcing /home/gustavo/.local/share/nvim/site/pack/core/opt/fzf-lua/plugin/fzf-lua.lua
024.365  000.021  000.021: sourcing /etc/profiles/per-user/gustavo/share/nvim/site/plugin/fzf.vim
024.730  000.139  000.139: sourcing /home/gustavo/.local/share/bob/nightly/share/nvim/runtime/plugin/gzip.vim
025.538  000.152  000.152: sourcing /home/gustavo/.local/share/bob/nightly/share/nvim/runtime/pack/dist/opt/matchit/plugin/matchit.vim
025.717  000.969  000.817: sourcing /home/gustavo/.local/share/bob/nightly/share/nvim/runtime/plugin/matchit.vim
025.886  000.130  000.130: sourcing /home/gustavo/.local/share/bob/nightly/share/nvim/runtime/plugin/matchparen.vim
025.922  000.009  000.009: sourcing /home/gustavo/.local/share/bob/nightly/share/nvim/runtime/plugin/netrwPlugin.vim
026.071  000.127  000.127: sourcing /home/gustavo/.local/share/bob/nightly/share/nvim/runtime/plugin/rplugin.vim
026.203  000.113  000.113: sourcing /home/gustavo/.local/share/bob/nightly/share/nvim/runtime/plugin/tarPlugin.vim
026.240  000.016  000.016: sourcing /home/gustavo/.local/share/bob/nightly/share/nvim/runtime/plugin/tutor.vim
026.427  000.168  000.168: sourcing /home/gustavo/.local/share/bob/nightly/share/nvim/runtime/plugin/zipPlugin.vim
026.499  000.050  000.050: sourcing /home/gustavo/.local/share/bob/nightly/share/nvim/runtime/plugin/editorconfig.lua
026.575  000.055  000.055: sourcing /home/gustavo/.local/share/bob/nightly/share/nvim/runtime/plugin/man.lua
026.711  000.117  000.117: sourcing /home/gustavo/.local/share/bob/nightly/share/nvim/runtime/plugin/net.lua
026.814  000.081  000.081: sourcing /home/gustavo/.local/share/bob/nightly/share/nvim/runtime/plugin/osc52.lua
026.936  000.102  000.102: sourcing /home/gustavo/.local/share/bob/nightly/share/nvim/runtime/plugin/shada.lua
027.019  000.047  000.047: sourcing /home/gustavo/.local/share/bob/nightly/share/nvim/runtime/plugin/spellfile.lua
027.044  001.803: loading rtp plugins
027.524  000.480: loading packages
027.532  000.008: loading after plugins
027.543  000.011: inits 3
031.056  003.513: reading ShaDa
032.167  000.140  000.140: require('canola.adapters.files.permissions')
032.220  000.048  000.048: require('canola.adapters.files.ids')
032.230  000.409  000.222: require('canola.adapters.files.columns')
032.235  000.911  000.502: require('canola.adapters.files')
033.265  000.016  000.016: sourcing /home/gustavo/.local/share/nvim/site/pack/core/opt/canola.nvim/syntax/canola.vim
034.852  002.869: opening buffers
035.120  000.214  000.214: require('canola.win_util')
035.130  000.064: BufEnter autocommands
035.134  000.004: editing files in windows
035.189  000.054: VimEnter autocommands
035.350  000.161: UIEnter autocommands
035.352  000.002: before starting main loop
035.767  000.156  000.156: require('fish.statuscolumn')
036.147  000.175  000.175: require('fish.mode_colors')
036.152  000.303  000.128: require('fish.statusline')
036.244  000.434: first screen update
036.246  000.002: --- NVIM STARTED ---

