--- Startup times for process: Primary (or UI client) ---

times in msec
 clock   self+sourced   self:  sourced script
 clock   elapsed:              other lines

000.002  000.002: --- NVIM STARTING ---
000.348  000.346: event init
000.574  000.226: early init
000.730  000.156: locale set
000.823  000.093: init first window
002.019  001.196: inits 1
002.045  000.026: window checked
002.052  000.007: parsing arguments
003.534  000.128  000.128: require('vim._core.shared')
003.784  000.016  000.016: require('string.buffer')
003.874  000.163  000.147: require('vim.inspect')
004.066  000.165  000.165: require('vim._core.options')
004.079  000.531  000.203: require('vim._core.editor')
004.160  000.076  000.076: require('vim._core.system')
004.165  000.827  000.092: require('vim._init_packages')
004.170  001.291: init lua interpreter
007.445  003.275: nvim_ui_attach
008.449  001.004: nvim_set_client_info
008.455  000.006: --- NVIM STARTED ---

--- Startup times for process: Embedded ---

times in msec
 clock   self+sourced   self:  sourced script
 clock   elapsed:              other lines

000.001  000.001: --- NVIM STARTING ---
000.291  000.290: event init
000.488  000.197: early init
000.662  000.174: locale set
000.747  000.085: init first window
001.851  001.104: inits 1
001.879  000.028: window checked
001.886  000.006: parsing arguments
003.310  000.133  000.133: require('vim._core.shared')
003.543  000.012  000.012: require('string.buffer')
003.649  000.169  000.157: require('vim.inspect')
003.804  000.130  000.130: require('vim._core.options')
003.810  000.486  000.187: require('vim._core.editor')
003.894  000.081  000.081: require('vim._core.system')
003.899  000.785  000.086: require('vim._init_packages')
003.904  001.233: init lua interpreter
004.038  000.135: expanding arguments
004.093  000.054: inits 2
004.971  000.879: init highlight
004.977  000.005: waiting for UI
005.289  000.312: done waiting for UI
005.320  000.031: clear screen
005.765  000.044  000.044: require('vim.keymap')
008.024  000.455  000.455: sourcing nvim_exec2()
008.098  000.019  000.019: require('vim._core.log')
012.749  007.421  006.903: require('vim._core.defaults')
012.760  000.020: init default mappings & autocommands
016.223  000.125  000.125: sourcing /home/gustavo/.local/share/bob/nightly/share/nvim/runtime/ftplugin.vim
016.439  000.078  000.078: sourcing /home/gustavo/.local/share/bob/nightly/share/nvim/runtime/indent.vim
019.391  002.136  002.136: sourcing /home/gustavo/.config/nvim/colors/tokyo.vim
019.413  002.437  000.301: sourcing /home/gustavo/.config/nvim/init.lua
019.429  004.029: sourcing vimrc file(s)
020.065  000.116  000.116: sourcing nvim_exec2() called at /home/gustavo/.local/share/bob/nightly/share/nvim/runtime/filetype.lua:0
020.078  000.493  000.377: sourcing /home/gustavo/.local/share/bob/nightly/share/nvim/runtime/filetype.lua
020.544  000.194  000.194: sourcing /home/gustavo/.local/share/bob/nightly/share/nvim/runtime/syntax/synload.vim
020.869  000.674  000.480: sourcing /home/gustavo/.local/share/bob/nightly/share/nvim/runtime/syntax/syntax.vim
023.618  000.105  000.105: sourcing /home/gustavo/.config/nvim/plugin/emacs.vim
023.876  000.199  000.199: sourcing /home/gustavo/.config/nvim/plugin/titlecase.vim
024.100  000.157  000.157: sourcing /home/gustavo/.config/nvim/plugin/autocmds.lua
024.383  000.232  000.232: sourcing /home/gustavo/.config/nvim/plugin/blink.lua
024.537  000.100  000.100: sourcing /home/gustavo/.config/nvim/plugin/conform.lua
024.787  000.170  000.170: sourcing /home/gustavo/.config/nvim/plugin/flash.lua
025.755  000.732  000.732: require('forge.yazi')
025.942  000.026  000.026: sourcing nvim_exec2() called at /home/gustavo/.config/nvim/plugin/forge.lua:0
026.013  000.015  000.015: sourcing nvim_exec2() called at /home/gustavo/.config/nvim/plugin/forge.lua:0
026.052  000.015  000.015: sourcing nvim_exec2() called at /home/gustavo/.config/nvim/plugin/forge.lua:0
026.077  000.013  000.013: sourcing nvim_exec2() called at /home/gustavo/.config/nvim/plugin/forge.lua:0
026.089  001.253  000.452: sourcing /home/gustavo/.config/nvim/plugin/forge.lua
026.736  000.581  000.581: sourcing /home/gustavo/.config/nvim/plugin/fzf-lua.lua
026.942  000.156  000.156: sourcing /home/gustavo/.config/nvim/plugin/harpoon.lua
031.310  000.085  000.085: sourcing /home/gustavo/.local/share/bob/nightly/share/nvim/runtime/pack/dist/opt/nvim.undotree/plugin/undotree.lua
031.704  002.660  002.575: sourcing nvim_exec2() called at /home/gustavo/.config/nvim/plugin/keymaps.lua:0
032.641  000.925  000.925: require('undotree')
038.709  000.020  000.020: require('vim.F')
038.919  005.528  005.508: require('vim.diagnostic')
039.540  000.030  000.030: sourcing nvim_exec2() called at /home/gustavo/.config/nvim/plugin/keymaps.lua:0
039.683  012.695  003.552: sourcing /home/gustavo/.config/nvim/plugin/keymaps.lua
039.994  000.230  000.230: sourcing /home/gustavo/.config/nvim/plugin/lsp.lua
040.353  000.306  000.306: sourcing /home/gustavo/.config/nvim/plugin/lualine.lua
040.562  000.160  000.160: sourcing /home/gustavo/.config/nvim/plugin/md-agenda.lua
041.361  000.742  000.742: sourcing /home/gustavo/.config/nvim/plugin/mini.lua
041.777  000.351  000.351: sourcing /home/gustavo/.config/nvim/plugin/multicursor.lua
041.900  000.061  000.061: sourcing /home/gustavo/.config/nvim/plugin/neogit.lua
042.212  000.266  000.266: sourcing /home/gustavo/.config/nvim/plugin/neovide.lua
042.367  000.106  000.106: sourcing /home/gustavo/.config/nvim/plugin/nvim-lspconfig-mason.lua
042.909  000.496  000.496: sourcing /home/gustavo/.config/nvim/plugin/oil.lua
048.375  004.932  004.932: require('vim.filetype')
048.414  005.392  000.460: sourcing /home/gustavo/.config/nvim/plugin/options.lua
048.808  000.306  000.306: sourcing /home/gustavo/.config/nvim/plugin/pack.lua
049.060  000.176  000.176: sourcing /home/gustavo/.config/nvim/plugin/quicker.lua
049.383  000.272  000.272: sourcing /home/gustavo/.config/nvim/plugin/sessionizer.lua
050.064  000.631  000.631: sourcing /home/gustavo/.config/nvim/plugin/snacks.lua
050.172  000.048  000.048: sourcing /home/gustavo/.config/nvim/plugin/spell.lua
050.254  000.036  000.036: sourcing /home/gustavo/.config/nvim/plugin/startuptime.lua
050.367  000.066  000.066: sourcing /home/gustavo/.config/nvim/plugin/tokyonight.lua
050.812  000.146  000.146: require('vim._core.ui2')
052.721  001.230  001.230: require('vim._core.ui2.cmdline')
055.749  003.017  003.017: require('vim._core.ui2.messages')
055.945  005.533  001.139: sourcing /home/gustavo/.config/nvim/plugin/ui2.lua
056.141  000.099  000.099: sourcing /home/gustavo/.config/nvim/plugin/yazi.lua
056.628  000.408  000.408: sourcing /home/gustavo/.config/nvim/plugin/zoxide.lua
059.357  001.876  001.876: sourcing /etc/profiles/per-user/gustavo/share/nvim/site/plugin/fzf.vim
060.920  000.577  000.577: sourcing /home/gustavo/.local/share/bob/nightly/share/nvim/runtime/plugin/gzip.vim
063.620  000.518  000.518: sourcing /home/gustavo/.local/share/bob/nightly/share/nvim/runtime/pack/dist/opt/matchit/plugin/matchit.vim
064.029  003.028  002.510: sourcing /home/gustavo/.local/share/bob/nightly/share/nvim/runtime/plugin/matchit.vim
064.468  000.370  000.370: sourcing /home/gustavo/.local/share/bob/nightly/share/nvim/runtime/plugin/matchparen.vim
064.601  000.049  000.049: sourcing /home/gustavo/.local/share/bob/nightly/share/nvim/runtime/plugin/netrwPlugin.vim
065.078  000.399  000.399: sourcing /home/gustavo/.local/share/bob/nightly/share/nvim/runtime/plugin/rplugin.vim
065.453  000.297  000.297: sourcing /home/gustavo/.local/share/bob/nightly/share/nvim/runtime/plugin/tarPlugin.vim
065.608  000.082  000.082: sourcing /home/gustavo/.local/share/bob/nightly/share/nvim/runtime/plugin/tutor.vim
066.180  000.450  000.450: sourcing /home/gustavo/.local/share/bob/nightly/share/nvim/runtime/plugin/zipPlugin.vim
066.399  000.141  000.141: sourcing /home/gustavo/.local/share/bob/nightly/share/nvim/runtime/plugin/editorconfig.lua
066.674  000.203  000.203: sourcing /home/gustavo/.local/share/bob/nightly/share/nvim/runtime/plugin/man.lua
067.123  000.371  000.371: sourcing /home/gustavo/.local/share/bob/nightly/share/nvim/runtime/plugin/net.lua
067.474  000.261  000.261: sourcing /home/gustavo/.local/share/bob/nightly/share/nvim/runtime/plugin/osc52.lua
067.945  000.395  000.395: sourcing /home/gustavo/.local/share/bob/nightly/share/nvim/runtime/plugin/shada.lua
068.134  000.089  000.089: sourcing /home/gustavo/.local/share/bob/nightly/share/nvim/runtime/plugin/spellfile.lua
068.201  007.684: loading rtp plugins
069.503  001.302: loading packages
069.510  000.007: loading after plugins
069.543  000.033: inits 3
079.418  009.875: reading ShaDa
080.106  000.688: opening buffers
080.116  000.010: BufEnter autocommands
080.122  000.006: editing files in windows
080.281  000.159: VimEnter autocommands
080.344  000.063: UIEnter autocommands
080.350  000.005: before starting main loop
080.893  000.037  000.037: require('vim._core.util')
081.131  000.744: first screen update
081.137  000.006: --- NVIM STARTED ---

