--- Startup times for process: Primary (or UI client) ---

times in msec
 clock   self+sourced   self:  sourced script
 clock   elapsed:              other lines

000.000  000.000: --- NVIM STARTING ---
000.080  000.079: event init
000.160  000.080: early init
000.200  000.040: locale set
000.222  000.022: init first window
000.481  000.259: inits 1
000.487  000.006: window checked
000.488  000.002: parsing arguments
000.871  000.041  000.041: require('vim._core.shared')
000.948  000.005  000.005: require('string.buffer')
000.983  000.056  000.052: require('vim.inspect')
001.019  000.029  000.029: require('vim._core.options')
001.022  000.146  000.060: require('vim._core.editor')
001.042  000.019  000.019: require('vim._core.system')
001.043  000.233  000.027: require('vim._init_packages')
001.044  000.323: init lua interpreter
001.768  000.723: nvim_ui_attach
002.005  000.237: nvim_set_client_info
002.006  000.001: --- NVIM STARTED ---

--- Startup times for process: Embedded ---

times in msec
 clock   self+sourced   self:  sourced script
 clock   elapsed:              other lines

000.000  000.000: --- NVIM STARTING ---
000.098  000.098: event init
000.190  000.091: early init
000.269  000.080: locale set
000.292  000.023: init first window
000.547  000.255: inits 1
000.554  000.007: window checked
000.578  000.024: parsing arguments
000.928  000.032  000.032: require('vim._core.shared')
000.985  000.003  000.003: require('string.buffer')
001.007  000.037  000.034: require('vim.inspect')
001.050  000.037  000.037: require('vim._core.options')
001.053  000.122  000.048: require('vim._core.editor')
001.108  000.054  000.054: require('vim._core.system')
001.109  000.230  000.022: require('vim._init_packages')
001.111  000.303: init lua interpreter
001.147  000.036: expanding arguments
001.159  000.012: inits 2
001.353  000.195: init highlight
001.354  000.001: waiting for UI
001.439  000.085: done waiting for UI
001.448  000.008: clear screen
001.596  000.011  000.011: require('vim.keymap')
002.158  000.132  000.132: sourcing nvim_exec2()
002.180  000.006  000.006: require('vim._core.log')
002.612  001.163  001.014: require('vim._core.defaults')
002.614  000.004: init default mappings & autocommands
004.153  000.034  000.034: sourcing /home/gustavo/.local/share/bob/nightly/share/nvim/runtime/ftplugin.vim
004.203  000.021  000.021: sourcing /home/gustavo/.local/share/bob/nightly/share/nvim/runtime/indent.vim
005.180  000.064  000.064: require('vim._async')
005.359  000.175  000.175: require('vim.version')
005.575  001.204  000.964: require('vim.pack')
005.607  000.021  000.021: require('vim.fs')
005.656  000.003  000.003: require('vim.F')
006.222  001.902  000.674: sourcing /home/gustavo/.config/nvim/init.lua
006.228  001.657: sourcing vimrc file(s)
006.343  000.028  000.028: sourcing nvim_exec2() called at /home/gustavo/.local/share/bob/nightly/share/nvim/runtime/filetype.lua:0
006.346  000.083  000.055: sourcing /home/gustavo/.local/share/bob/nightly/share/nvim/runtime/filetype.lua
006.458  000.047  000.047: sourcing /home/gustavo/.local/share/bob/nightly/share/nvim/runtime/syntax/synload.vim
006.521  000.149  000.102: sourcing /home/gustavo/.local/share/bob/nightly/share/nvim/runtime/syntax/syntax.vim
007.425  000.016  000.016: sourcing /home/gustavo/.config/nvim/plugin/emacs.vim
007.479  000.044  000.044: sourcing /home/gustavo/.config/nvim/plugin/titlecase.vim
007.516  000.025  000.025: sourcing /home/gustavo/.config/nvim/plugin/autocmds.lua
007.559  000.031  000.031: sourcing /home/gustavo/.config/nvim/plugin/blink.lua
007.590  000.022  000.022: sourcing /home/gustavo/.config/nvim/plugin/conform.lua
007.619  000.020  000.020: sourcing /home/gustavo/.config/nvim/plugin/flash.lua
007.763  000.099  000.099: require('fish.espeto')
008.156  000.248  000.248: require('fish.tabterm')
008.398  000.074  000.074: require('fish.toggle')
008.433  000.805  000.384: sourcing /home/gustavo/.config/nvim/plugin/forge.lua
008.759  000.004  000.004: sourcing nvim_exec2() called at /home/gustavo/.config/nvim/plugin/keymaps.lua:0
009.613  000.019  000.019: sourcing /home/gustavo/.local/share/bob/nightly/share/nvim/runtime/pack/dist/opt/nvim.undotree/plugin/undotree.lua
009.764  001.001  000.983: sourcing nvim_exec2() called at /home/gustavo/.config/nvim/plugin/keymaps.lua:0
009.969  000.202  000.202: require('undotree')
011.470  001.289  001.289: require('vim.diagnostic')
011.557  000.006  000.006: sourcing nvim_exec2() called at /home/gustavo/.config/nvim/plugin/keymaps.lua:0
011.574  003.121  000.619: sourcing /home/gustavo/.config/nvim/plugin/keymaps.lua
011.628  000.040  000.040: sourcing /home/gustavo/.config/nvim/plugin/lsp.lua
011.667  000.029  000.029: sourcing /home/gustavo/.config/nvim/plugin/md-agenda.lua
011.744  000.069  000.069: sourcing /home/gustavo/.config/nvim/plugin/mini.lua
011.783  000.029  000.029: sourcing /home/gustavo/.config/nvim/plugin/multicursor.lua
011.800  000.009  000.009: sourcing /home/gustavo/.config/nvim/plugin/neogit.lua
011.839  000.027  000.027: sourcing /home/gustavo/.config/nvim/plugin/neovide.lua
011.861  000.010  000.010: sourcing /home/gustavo/.config/nvim/plugin/nvim-lspconfig-mason.lua
011.890  000.019  000.019: sourcing /home/gustavo/.config/nvim/plugin/nvim-treesitter.lua
011.986  000.086  000.086: sourcing /home/gustavo/.config/nvim/plugin/oil.lua
013.592  001.437  001.437: require('vim.filetype')
013.595  001.598  000.161: sourcing /home/gustavo/.config/nvim/plugin/options.lua
013.655  000.036  000.036: sourcing /home/gustavo/.config/nvim/plugin/pack.lua
014.004  000.336  000.336: sourcing /home/gustavo/.config/nvim/plugin/snacks.lua
014.027  000.011  000.011: sourcing /home/gustavo/.config/nvim/plugin/spell.lua
014.900  000.037  000.037: require('tokyonight.config')
014.903  000.072  000.035: require('tokyonight')
015.199  000.041  000.041: require('tokyonight.theme')
015.563  000.143  000.143: require('tokyonight.util')
015.566  000.241  000.098: require('tokyonight.colors')
015.703  000.039  000.039: require('tokyonight.colors.storm')
016.100  000.296  000.296: require('tokyonight.hsluv')
016.326  000.098  000.098: require('tokyonight.groups')
017.822  002.683  001.967: sourcing /home/gustavo/.local/share/nvim/site/pack/core/opt/tokyonight.nvim/colors/tokyonight.lua
017.828  003.786  001.031: sourcing /home/gustavo/.config/nvim/plugin/tokyonight.lua
017.891  000.028  000.028: require('vim._core.ui2')
018.222  000.243  000.243: require('vim._core.ui2.cmdline')
018.688  000.464  000.464: require('vim._core.ui2.messages')
018.719  000.877  000.142: sourcing /home/gustavo/.config/nvim/plugin/ui2.lua
018.771  000.037  000.037: sourcing /home/gustavo/.config/nvim/plugin/yazi.lua
018.854  000.070  000.070: sourcing /home/gustavo/.config/nvim/plugin/zoxide.lua
019.521  000.335  000.335: sourcing /etc/profiles/per-user/gustavo/share/nvim/site/plugin/fzf.vim
019.814  000.106  000.106: sourcing /home/gustavo/.local/share/bob/nightly/share/nvim/runtime/plugin/gzip.vim
020.720  000.105  000.105: sourcing /home/gustavo/.local/share/bob/nightly/share/nvim/runtime/pack/dist/opt/matchit/plugin/matchit.vim
020.870  001.040  000.935: sourcing /home/gustavo/.local/share/bob/nightly/share/nvim/runtime/plugin/matchit.vim
020.964  000.080  000.080: sourcing /home/gustavo/.local/share/bob/nightly/share/nvim/runtime/plugin/matchparen.vim
020.986  000.006  000.006: sourcing /home/gustavo/.local/share/bob/nightly/share/nvim/runtime/plugin/netrwPlugin.vim
021.142  000.142  000.142: sourcing /home/gustavo/.local/share/bob/nightly/share/nvim/runtime/plugin/rplugin.vim
021.219  000.062  000.062: sourcing /home/gustavo/.local/share/bob/nightly/share/nvim/runtime/plugin/tarPlugin.vim
021.246  000.011  000.011: sourcing /home/gustavo/.local/share/bob/nightly/share/nvim/runtime/plugin/tutor.vim
021.350  000.089  000.089: sourcing /home/gustavo/.local/share/bob/nightly/share/nvim/runtime/plugin/zipPlugin.vim
021.398  000.031  000.031: sourcing /home/gustavo/.local/share/bob/nightly/share/nvim/runtime/plugin/editorconfig.lua
021.457  000.042  000.042: sourcing /home/gustavo/.local/share/bob/nightly/share/nvim/runtime/plugin/man.lua
021.533  000.059  000.059: sourcing /home/gustavo/.local/share/bob/nightly/share/nvim/runtime/plugin/net.lua
021.607  000.059  000.059: sourcing /home/gustavo/.local/share/bob/nightly/share/nvim/runtime/plugin/osc52.lua
021.702  000.079  000.079: sourcing /home/gustavo/.local/share/bob/nightly/share/nvim/runtime/plugin/shada.lua
021.742  000.020  000.020: sourcing /home/gustavo/.local/share/bob/nightly/share/nvim/runtime/plugin/spellfile.lua
021.761  001.988: loading rtp plugins
022.425  000.664: loading packages
022.427  000.002: loading after plugins
022.434  000.008: inits 3
024.598  002.164: reading ShaDa
024.898  000.300: opening buffers
024.900  000.002: BufEnter autocommands
024.902  000.002: editing files in windows
024.933  000.031: VimEnter autocommands
026.282  000.833  000.833: require('oil')
026.329  000.040  000.040: require('oil.ringbuf')
026.472  000.141  000.141: require('oil.config')
027.552  000.068  000.068: require('oil.log')
027.578  000.264  000.196: require('oil.fs')
028.125  000.019  000.019: require('oil.constants')
028.136  000.556  000.538: require('oil.util')
028.379  000.023  000.023: sourcing /home/gustavo/.local/share/nvim/site/pack/core/opt/plenary.nvim/plugin/plenary.vim
028.913  000.055  000.055: require('yazi.commands')
028.920  000.072  000.017: sourcing /home/gustavo/.local/share/nvim/site/pack/core/opt/yazi.nvim/plugin/yazi.lua
029.611  000.201  000.201: require('yazi.config')
029.660  000.045  000.045: require('yazi.openers')
029.671  000.418  000.172: require('yazi')
029.823  000.111  000.111: require('yazi.log')
029.937  002.547: UIEnter autocommands
029.939  000.002: before starting main loop
030.146  000.013  000.013: require('vim._core.util')
030.208  000.255: first screen update
030.209  000.001: --- NVIM STARTED ---

